Using pre-set license
Built from '2022.3/release' branch; Version is '2022.3.20f1 (61c2feb0970d) revision 6406910'; Using compiler version '192829333'; Build Type 'Release'
OS: 'Windows 11  (10.0.22631) 64bit CoreSingleLanguage' Language: 'en' Physical Memory: 15557 MB
BatchMode: 1, IsHumanControllingUs: 0, StartBugReporterOnCrash: 0, Is64bit: 1, IsPro: 1

COMMAND LINE ARGUMENTS:
C:\Program Files\Unity\Hub\Editor\2022.3.20f1\Editor\Unity.exe
-adb2
-batchMode
-noUpm
-name
AssetImportWorker0
-projectPath
C:/Users/lordgula/Documents/GitHub/WIL-Sum/WIL-SUM
-logFile
Logs/AssetImportWorker0.log
-srvPort
60908
Successfully changed project path to: C:/Users/lordgula/Documents/GitHub/WIL-Sum/WIL-SUM
C:/Users/lordgula/Documents/GitHub/WIL-Sum/WIL-SUM
[UnityMemory] Configuration Parameters - Can be set up in boot.config
    "memorysetup-bucket-allocator-granularity=16"
    "memorysetup-bucket-allocator-bucket-count=8"
    "memorysetup-bucket-allocator-block-size=33554432"
    "memorysetup-bucket-allocator-block-count=8"
    "memorysetup-main-allocator-block-size=16777216"
    "memorysetup-thread-allocator-block-size=16777216"
    "memorysetup-gfx-main-allocator-block-size=16777216"
    "memorysetup-gfx-thread-allocator-block-size=16777216"
    "memorysetup-cache-allocator-block-size=4194304"
    "memorysetup-typetree-allocator-block-size=2097152"
    "memorysetup-profiler-bucket-allocator-granularity=16"
    "memorysetup-profiler-bucket-allocator-bucket-count=8"
    "memorysetup-profiler-bucket-allocator-block-size=33554432"
    "memorysetup-profiler-bucket-allocator-block-count=8"
    "memorysetup-profiler-allocator-block-size=16777216"
    "memorysetup-profiler-editor-allocator-block-size=1048576"
    "memorysetup-temp-allocator-size-main=16777216"
    "memorysetup-job-temp-allocator-block-size=2097152"
    "memorysetup-job-temp-allocator-block-size-background=1048576"
    "memorysetup-job-temp-allocator-reduction-small-platforms=262144"
    "memorysetup-allocator-temp-initial-block-size-main=262144"
    "memorysetup-allocator-temp-initial-block-size-worker=262144"
    "memorysetup-temp-allocator-size-background-worker=32768"
    "memorysetup-temp-allocator-size-job-worker=262144"
    "memorysetup-temp-allocator-size-preload-manager=33554432"
    "memorysetup-temp-allocator-size-nav-mesh-worker=65536"
    "memorysetup-temp-allocator-size-audio-worker=65536"
    "memorysetup-temp-allocator-size-cloud-worker=32768"
    "memorysetup-temp-allocator-size-gi-baking-worker=262144"
    "memorysetup-temp-allocator-size-gfx=262144"
Player connection [24444] Host "[IP] 192.168.10.64 [Port] 0 [Flags] 2 [Guid] 1269540656 [EditorId] 1269540656 [Version] 1048832 [Id] WindowsEditor(7,DESKTOP-4FUHKHP) [Debug] 1 [PackageName] WindowsEditor [ProjectName] Editor" joined multi-casting on [225.0.0.222:54997]...

Player connection [24444] Host "[IP] 192.168.10.64 [Port] 0 [Flags] 2 [Guid] 1269540656 [EditorId] 1269540656 [Version] 1048832 [Id] WindowsEditor(7,DESKTOP-4FUHKHP) [Debug] 1 [PackageName] WindowsEditor [ProjectName] Editor" joined alternative multi-casting on [225.0.0.222:34997]...

[Physics::Module] Initialized MultithreadedJobDispatcher with 11 workers.
Refreshing native plugins compatible for Editor in 2654.84 ms, found 3 plugins.
Preloading 0 native plugins for Editor in 0.00 ms.
Initialize engine version: 2022.3.20f1 (61c2feb0970d)
[Subsystems] Discovering subsystems at path C:/Program Files/Unity/Hub/Editor/2022.3.20f1/Editor/Data/Resources/UnitySubsystems
[Subsystems] Discovering subsystems at path C:/Users/lordgula/Documents/GitHub/WIL-Sum/WIL-SUM/Assets
GfxDevice: creating device client; threaded=0; jobified=0
Direct3D:
    Version:  Direct3D 11.0 [level 11.1]
    Renderer: NVIDIA GeForce RTX 4050 Laptop GPU (ID=0x28a1)
    Vendor:   NVIDIA
    VRAM:     5935 MB
    Driver:   31.0.15.3770
Initialize mono
Mono path[0] = 'C:/Program Files/Unity/Hub/Editor/2022.3.20f1/Editor/Data/Managed'
Mono path[1] = 'C:/Program Files/Unity/Hub/Editor/2022.3.20f1/Editor/Data/MonoBleedingEdge/lib/mono/unityjit-win32'
Mono config path = 'C:/Program Files/Unity/Hub/Editor/2022.3.20f1/Editor/Data/MonoBleedingEdge/etc'
Using monoOptions --debugger-agent=transport=dt_socket,embedding=1,server=y,suspend=n,address=127.0.0.1:56512
Begin MonoManager ReloadAssembly
Registering precompiled unity dll's ...
Register platform support module: C:/Program Files/Unity/Hub/Editor/2022.3.20f1/Editor/Data/PlaybackEngines/MacStandaloneSupport/UnityEditor.OSXStandalone.Extensions.dll
Register platform support module: C:/Program Files/Unity/Hub/Editor/2022.3.20f1/Editor/Data/PlaybackEngines/AndroidPlayer/UnityEditor.Android.Extensions.dll
Register platform support module: C:/Program Files/Unity/Hub/Editor/2022.3.20f1/Editor/Data/PlaybackEngines/iOSSupport/UnityEditor.iOS.Extensions.dll
Register platform support module: C:/Program Files/Unity/Hub/Editor/2022.3.20f1/Editor/Data/PlaybackEngines/WindowsStandaloneSupport/UnityEditor.WindowsStandalone.Extensions.dll
Register platform support module: C:/Program Files/Unity/Hub/Editor/2022.3.20f1/Editor/Data/PlaybackEngines/MetroSupport/UnityEditor.UWP.Extensions.dll
Registered in 0.015784 seconds.
- Loaded All Assemblies, in  7.474 seconds
Native extension for UWP target not found
Native extension for WindowsStandalone target not found
[usbmuxd] Start listen thread
[usbmuxd] Listen thread started
Native extension for iOS target not found
Native extension for Android target not found
Android Extension - Scanning For ADB Devices 274 ms
Native extension for OSXStandalone target not found
Mono: successfully reloaded assembly
- Finished resetting the current domain, in  0.906 seconds
Domain Reload Profiling: 8378ms
	BeginReloadAssembly (6365ms)
		ExecutionOrderSort (0ms)
		DisableScriptedObjects (0ms)
		BackupInstance (0ms)
		ReleaseScriptingObjects (0ms)
		CreateAndSetChildDomain (1ms)
	RebuildCommonClasses (26ms)
	RebuildNativeTypeToScriptingClass (9ms)
	initialDomainReloadingComplete (65ms)
	LoadAllAssembliesAndSetupDomain (1008ms)
		LoadAssemblies (6364ms)
		RebuildTransferFunctionScriptingTraits (0ms)
		AnalyzeDomain (1005ms)
			TypeCache.Refresh (1003ms)
				TypeCache.ScanAssembly (992ms)
			ScanForSourceGeneratedMonoScriptInfo (0ms)
			ResolveRequiredComponents (1ms)
	FinalizeReload (906ms)
		ReleaseScriptCaches (0ms)
		RebuildScriptCaches (0ms)
		SetupLoadedEditorAssemblies (859ms)
			LogAssemblyErrors (0ms)
			InitializePlatformSupportModulesInManaged (701ms)
			SetLoadedEditorAssemblies (4ms)
			RefreshPlugins (0ms)
			BeforeProcessingInitializeOnLoad (2ms)
			ProcessInitializeOnLoadAttributes (102ms)
			ProcessInitializeOnLoadMethodAttributes (51ms)
			AfterProcessingInitializeOnLoad (0ms)
			EditorAssembliesLoaded (0ms)
		ExecutionOrderSort2 (0ms)
		AwakeInstancesAfterBackupRestoration (0ms)
========================================================================
Worker process is ready to serve import requests
Begin MonoManager ReloadAssembly
- Loaded All Assemblies, in  1.043 seconds
Refreshing native plugins compatible for Editor in 4.10 ms, found 3 plugins.
Native extension for UWP target not found
Native extension for WindowsStandalone target not found
Native extension for iOS target not found
Native extension for Android target not found
Native extension for OSXStandalone target not found
Package Manager log level set to [2]
[Package Manager] Server::EnsureServerProcessIsRunning -- launch failed, reason: Unity was launched with the -noUpm command-line argument
[Package Manager] UpmClient::Send -- Unable to send message (not connected to UPM process).
[Package Manager] Cannot connect to Unity Package Manager local server
Mono: successfully reloaded assembly
- Finished resetting the current domain, in  0.664 seconds
Domain Reload Profiling: 1705ms
	BeginReloadAssembly (150ms)
		ExecutionOrderSort (0ms)
		DisableScriptedObjects (5ms)
		BackupInstance (0ms)
		ReleaseScriptingObjects (0ms)
		CreateAndSetChildDomain (23ms)
	RebuildCommonClasses (29ms)
	RebuildNativeTypeToScriptingClass (8ms)
	initialDomainReloadingComplete (39ms)
	LoadAllAssembliesAndSetupDomain (815ms)
		LoadAssemblies (761ms)
		RebuildTransferFunctionScriptingTraits (0ms)
		AnalyzeDomain (144ms)
			TypeCache.Refresh (130ms)
				TypeCache.ScanAssembly (117ms)
			ScanForSourceGeneratedMonoScriptInfo (11ms)
			ResolveRequiredComponents (3ms)
	FinalizeReload (664ms)
		ReleaseScriptCaches (0ms)
		RebuildScriptCaches (0ms)
		SetupLoadedEditorAssemblies (529ms)
			LogAssemblyErrors (0ms)
			InitializePlatformSupportModulesInManaged (37ms)
			SetLoadedEditorAssemblies (7ms)
			RefreshPlugins (0ms)
			BeforeProcessingInitializeOnLoad (55ms)
			ProcessInitializeOnLoadAttributes (405ms)
			ProcessInitializeOnLoadMethodAttributes (19ms)
			AfterProcessingInitializeOnLoad (6ms)
			EditorAssembliesLoaded (0ms)
		ExecutionOrderSort2 (0ms)
		AwakeInstancesAfterBackupRestoration (5ms)
Launched and connected shader compiler UnityShaderCompiler.exe after 0.07 seconds
Refreshing native plugins compatible for Editor in 5.62 ms, found 3 plugins.
Preloading 0 native plugins for Editor in 0.00 ms.
Unloading 3107 Unused Serialized files (Serialized files now loaded: 0)
Unloading 32 unused Assets / (57.0 KB). Loaded Objects now: 3572.
Memory consumption went from 132.2 MB to 132.1 MB.
Total: 3.325200 ms (FindLiveObjects: 0.229800 ms CreateObjectMapping: 0.083700 ms MarkObjects: 2.919400 ms  DeleteObjects: 0.091200 ms)

AssetImportParameters requested are different than current active one (requested -> active):
  custom:container-demuxer-ogg: 62fdf1f143b41e24485cea50d1cbac27 -> 
  custom:video-codec-MediaFoundation-h265: 746d11721c4dcdbdad8f713fa42b33f4 -> 
  custom:video-decoder-ogg-theora: a1e56fd34408186e4bbccfd4996cb3dc -> 
  custom:framework-win-MediaFoundation: 216162199b28c13a410421893ffa2e32 -> 
  custom:CustomObjectIndexerAttribute: 6d391050e5a25f67b0a2c618074f2cd9 -> 
  custom:container-demuxer-webm: 4f35f7cbe854078d1ac9338744f61a02 -> 
  custom:container-muxer-webm: aa71ff27fc2769a1b78a27578f13a17b -> 
  custom:video-decoder-webm-vp8: 9c59270c3fd7afecdb556c50c9e8de78 -> 
  custom:SearchIndexIgnoredProperties: e643bd26f0fe6173181afceb89e7c659 -> 
  custom:AudioImporter_EditorPlatform: d09bf68614088b80899f8185d706f6e7 -> 
  custom:video-encoder-webm-vp8: eb34c28f22e8b96e1ab97ce403110664 -> 
  custom:audio-decoder-ogg-vorbis: bf7c407c2cedff20999df2af8eb42d56 -> 
  custom:audio-encoder-webm-vorbis: bf7c407c2cedff20999df2af8eb42d56 -> 
========================================================================
Received Prepare
Begin MonoManager ReloadAssembly
- Loaded All Assemblies, in  3.629 seconds
Refreshing native plugins compatible for Editor in 3.87 ms, found 3 plugins.
Native extension for UWP target not found
Native extension for WindowsStandalone target not found
Native extension for iOS target not found
Native extension for Android target not found
Native extension for OSXStandalone target not found
[Package Manager] Server::EnsureServerProcessIsRunning -- launch failed, reason: Unity was launched with the -noUpm command-line argument
[Package Manager] UpmClient::Send -- Unable to send message (not connected to UPM process).
[Package Manager] Cannot connect to Unity Package Manager local server
Mono: successfully reloaded assembly
- Finished resetting the current domain, in 12.954 seconds
Domain Reload Profiling: 16582ms
	BeginReloadAssembly (649ms)
		ExecutionOrderSort (0ms)
		DisableScriptedObjects (26ms)
		BackupInstance (0ms)
		ReleaseScriptingObjects (1ms)
		CreateAndSetChildDomain (243ms)
	RebuildCommonClasses (35ms)
	RebuildNativeTypeToScriptingClass (10ms)
	initialDomainReloadingComplete (41ms)
	LoadAllAssembliesAndSetupDomain (2892ms)
		LoadAssemblies (3022ms)
		RebuildTransferFunctionScriptingTraits (0ms)
		AnalyzeDomain (48ms)
			TypeCache.Refresh (30ms)
				TypeCache.ScanAssembly (1ms)
			ScanForSourceGeneratedMonoScriptInfo (10ms)
			ResolveRequiredComponents (6ms)
	FinalizeReload (12955ms)
		ReleaseScriptCaches (0ms)
		RebuildScriptCaches (0ms)
		SetupLoadedEditorAssemblies (533ms)
			LogAssemblyErrors (0ms)
			InitializePlatformSupportModulesInManaged (47ms)
			SetLoadedEditorAssemblies (4ms)
			RefreshPlugins (0ms)
			BeforeProcessingInitializeOnLoad (56ms)
			ProcessInitializeOnLoadAttributes (398ms)
			ProcessInitializeOnLoadMethodAttributes (20ms)
			AfterProcessingInitializeOnLoad (7ms)
			EditorAssembliesLoaded (0ms)
		ExecutionOrderSort2 (0ms)
		AwakeInstancesAfterBackupRestoration (5ms)
Refreshing native plugins compatible for Editor in 3.78 ms, found 3 plugins.
Preloading 0 native plugins for Editor in 0.00 ms.
Unloading 3088 Unused Serialized files (Serialized files now loaded: 0)
Unloading 23 unused Assets / (31.1 KB). Loaded Objects now: 3577.
Memory consumption went from 129.4 MB to 129.4 MB.
Total: 5.223800 ms (FindLiveObjects: 0.231200 ms CreateObjectMapping: 0.079700 ms MarkObjects: 4.593100 ms  DeleteObjects: 0.319100 ms)

Prepare: number of updated asset objects reloaded= 0
AssetImportParameters requested are different than current active one (requested -> active):
  custom:container-demuxer-ogg: 62fdf1f143b41e24485cea50d1cbac27 -> 
  custom:video-codec-MediaFoundation-h265: 746d11721c4dcdbdad8f713fa42b33f4 -> 
  custom:video-decoder-ogg-theora: a1e56fd34408186e4bbccfd4996cb3dc -> 
  custom:framework-win-MediaFoundation: 216162199b28c13a410421893ffa2e32 -> 
  custom:CustomObjectIndexerAttribute: 6d391050e5a25f67b0a2c618074f2cd9 -> 
  custom:container-demuxer-webm: 4f35f7cbe854078d1ac9338744f61a02 -> 
  custom:container-muxer-webm: aa71ff27fc2769a1b78a27578f13a17b -> 
  custom:video-decoder-webm-vp8: 9c59270c3fd7afecdb556c50c9e8de78 -> 
  custom:SearchIndexIgnoredProperties: e643bd26f0fe6173181afceb89e7c659 -> 
  custom:AudioImporter_EditorPlatform: d09bf68614088b80899f8185d706f6e7 -> 
  custom:video-encoder-webm-vp8: eb34c28f22e8b96e1ab97ce403110664 -> 
  custom:audio-decoder-ogg-vorbis: bf7c407c2cedff20999df2af8eb42d56 -> 
  custom:audio-encoder-webm-vorbis: bf7c407c2cedff20999df2af8eb42d56 -> 
========================================================================
Received Import Request.
  Time since last request: 66169.199832 seconds.
  path: Assets/Scenes/Main Menu.unity
  artifactKey: Guid(3e6969efd07978d43913c1b40cd16166) Importer(815301076,1909f56bfc062723c751e8b465ee728b)
Start importing Assets/Scenes/Main Menu.unity using Guid(3e6969efd07978d43913c1b40cd16166) Importer(815301076,1909f56bfc062723c751e8b465ee728b)  -> (artifact id: '856a880167a8dd7352ee3f552a071405') in 0.028935 seconds
Number of updated asset objects reloaded before import = 0
Number of asset objects unloaded after import = 0
========================================================================
Received Import Request.
  Time since last request: 2.628440 seconds.
  path: Assets/Scenes/SampleScene.unity
  artifactKey: Guid(9fc0d4010bbf28b4594072e72b8655ab) Importer(815301076,1909f56bfc062723c751e8b465ee728b)
Start importing Assets/Scenes/SampleScene.unity using Guid(9fc0d4010bbf28b4594072e72b8655ab) Importer(815301076,1909f56bfc062723c751e8b465ee728b)  -> (artifact id: 'e1f59831343c0ffa1563c614994303d0') in 0.000660 seconds
Number of updated asset objects reloaded before import = 0
Number of asset objects unloaded after import = 0
========================================================================
Received Import Request.
  Time since last request: 58.114613 seconds.
  path: Assets/ScifiOfficeLite/Scripts
  artifactKey: Guid(6777d4b26573a2c4b86268507672bf1c) Importer(815301076,1909f56bfc062723c751e8b465ee728b)
Start importing Assets/ScifiOfficeLite/Scripts using Guid(6777d4b26573a2c4b86268507672bf1c) Importer(815301076,1909f56bfc062723c751e8b465ee728b)  -> (artifact id: '0502caee45fa83ee6240201af2beff2c') in 0.000558 seconds
Number of updated asset objects reloaded before import = 0
Number of asset objects unloaded after import = 0
========================================================================
Received Import Request.
  Time since last request: 4.306550 seconds.
  path: Assets/ScifiOfficeLite/Prefabs
  artifactKey: Guid(6d19b00448a96fe42bf2a9c6cc6ef5a2) Importer(815301076,1909f56bfc062723c751e8b465ee728b)
Start importing Assets/ScifiOfficeLite/Prefabs using Guid(6d19b00448a96fe42bf2a9c6cc6ef5a2) Importer(815301076,1909f56bfc062723c751e8b465ee728b)  -> (artifact id: '97754b182fb33ced7f57c23c7989e4c3') in 0.000544 seconds
Number of updated asset objects reloaded before import = 0
Number of asset objects unloaded after import = 0
========================================================================
Received Import Request.
  Time since last request: 2.953763 seconds.
  path: Assets/ScifiOfficeLite/Prefabs/Wall
  artifactKey: Guid(f8863d9696c00d2409e6644a55211da8) Importer(815301076,1909f56bfc062723c751e8b465ee728b)
Start importing Assets/ScifiOfficeLite/Prefabs/Wall using Guid(f8863d9696c00d2409e6644a55211da8) Importer(815301076,1909f56bfc062723c751e8b465ee728b)  -> (artifact id: 'dc964df4666e5820be31d7496d5c40b7') in 0.000483 seconds
Number of updated asset objects reloaded before import = 0
Number of asset objects unloaded after import = 0
========================================================================
Received Import Request.
  Time since last request: 4.523736 seconds.
  path: Assets/ScifiOfficeLite/Scene
  artifactKey: Guid(d5dd4cbbdd7cfe14bb9b1fab1315ac58) Importer(815301076,1909f56bfc062723c751e8b465ee728b)
Start importing Assets/ScifiOfficeLite/Scene using Guid(d5dd4cbbdd7cfe14bb9b1fab1315ac58) Importer(815301076,1909f56bfc062723c751e8b465ee728b)  -> (artifact id: '8c97c39ef83b0e0dfc15b2f598ec9153') in 0.000456 seconds
Number of updated asset objects reloaded before import = 0
Number of asset objects unloaded after import = 0
========================================================================
Received Import Request.
  Time since last request: 3.784279 seconds.
  path: Assets/ScifiOfficeLite/Scene/DemoSettings.lighting
  artifactKey: Guid(c1787e8e67ae3684fbf938d51ff81636) Importer(815301076,1909f56bfc062723c751e8b465ee728b)
Start importing Assets/ScifiOfficeLite/Scene/DemoSettings.lighting using Guid(c1787e8e67ae3684fbf938d51ff81636) Importer(815301076,1909f56bfc062723c751e8b465ee728b)  -> (artifact id: 'cb03a27704e5ff95f3a0a2686112dd8d') in 0.017937 seconds
Number of updated asset objects reloaded before import = 0
Number of asset objects unloaded after import = 1
========================================================================
Received Import Request.
  Time since last request: 1.863119 seconds.
  path: Assets/ScifiOfficeLite/Scene/Demo.unity
  artifactKey: Guid(98f89f3b6ce2800479ea621b4ad1bad1) Importer(815301076,1909f56bfc062723c751e8b465ee728b)
Start importing Assets/ScifiOfficeLite/Scene/Demo.unity using Guid(98f89f3b6ce2800479ea621b4ad1bad1) Importer(815301076,1909f56bfc062723c751e8b465ee728b)  -> (artifact id: '08ad8e9013444969cf08f373d7d296e5') in 0.000545 seconds
Number of updated asset objects reloaded before import = 0
Number of asset objects unloaded after import = 0
========================================================================
Received Import Request.
  Time since last request: 31.627150 seconds.
  path: Assets/Scenes/SampleScene.unity
  artifactKey: Guid(9fc0d4010bbf28b4594072e72b8655ab) Importer(815301076,1909f56bfc062723c751e8b465ee728b)
Start importing Assets/Scenes/SampleScene.unity using Guid(9fc0d4010bbf28b4594072e72b8655ab) Importer(815301076,1909f56bfc062723c751e8b465ee728b)  -> (artifact id: 'e2d0d3af7bafdcec86eade519453ecef') in 0.000734 seconds
Number of updated asset objects reloaded before import = 0
Number of asset objects unloaded after import = 0
========================================================================
Received Import Request.
  Time since last request: 9.667337 seconds.
  path: Assets/ScifiOfficeLite/Prefabs/Carpets and Floors
  artifactKey: Guid(ff0f789902e100648bc385cb25123552) Importer(815301076,1909f56bfc062723c751e8b465ee728b)
Start importing Assets/ScifiOfficeLite/Prefabs/Carpets and Floors using Guid(ff0f789902e100648bc385cb25123552) Importer(815301076,1909f56bfc062723c751e8b465ee728b)  -> (artifact id: 'c12247437c82b0d77d5da2e3e1a6570b') in 0.000494 seconds
Number of updated asset objects reloaded before import = 0
Number of asset objects unloaded after import = 0
========================================================================
Received Import Request.
  Time since last request: 4.291767 seconds.
  path: Assets/ScifiOfficeLite/Prefabs/Carpets and Floors/20m Epoxy Ground.prefab
  artifactKey: Guid(7ff30c7e7a931fa4abaacbcf858e20a1) Importer(815301076,1909f56bfc062723c751e8b465ee728b)
Start importing Assets/ScifiOfficeLite/Prefabs/Carpets and Floors/20m Epoxy Ground.prefab using Guid(7ff30c7e7a931fa4abaacbcf858e20a1) Importer(815301076,1909f56bfc062723c751e8b465ee728b)  -> (artifact id: '30b78ffe61dd8d1fdd737ae286e80b3d') in 0.411072 seconds
Number of updated asset objects reloaded before import = 0
Number of asset objects unloaded after import = 11
========================================================================
Received Import Request.
  Time since last request: 670.641784 seconds.
  path: Assets/ScifiOfficeLite/Prefabs/Tables
  artifactKey: Guid(30f8ad2042ee31048a0894934f751dce) Importer(815301076,1909f56bfc062723c751e8b465ee728b)
Start importing Assets/ScifiOfficeLite/Prefabs/Tables using Guid(30f8ad2042ee31048a0894934f751dce) Importer(815301076,1909f56bfc062723c751e8b465ee728b)  -> (artifact id: '876726d772d44bb4dc071cdbadbb1bf5') in 0.001181 seconds
Number of updated asset objects reloaded before import = 0
Number of asset objects unloaded after import = 0
========================================================================
Received Import Request.
  Time since last request: 6.025844 seconds.
  path: Assets/ScifiOfficeLite/Prefabs/Tables/Table Set 1 Dark Oak.prefab
  artifactKey: Guid(45276250b71dd9f4488e3be0523a1e35) Importer(815301076,1909f56bfc062723c751e8b465ee728b)
Start importing Assets/ScifiOfficeLite/Prefabs/Tables/Table Set 1 Dark Oak.prefab using Guid(45276250b71dd9f4488e3be0523a1e35) Importer(815301076,1909f56bfc062723c751e8b465ee728b)  -> (artifact id: 'f6098f1b51750eeef9656eca1a9ee097') in 0.784432 seconds
Number of updated asset objects reloaded before import = 0
Number of asset objects unloaded after import = 177
========================================================================
Received Import Request.
  Time since last request: 11.305134 seconds.
  path: Assets/ScifiOfficeLite/Prefabs/Tables/Table Set 1 Grey Wood Variant.prefab
  artifactKey: Guid(827062553953ace449df65073bc88caa) Importer(815301076,1909f56bfc062723c751e8b465ee728b)
Start importing Assets/ScifiOfficeLite/Prefabs/Tables/Table Set 1 Grey Wood Variant.prefab using Guid(827062553953ace449df65073bc88caa) Importer(815301076,1909f56bfc062723c751e8b465ee728b)  -> (artifact id: '7154887acb69cb9e2144ca92a2f0aaf5') in 0.138220 seconds
Number of updated asset objects reloaded before import = 0
Number of asset objects unloaded after import = 240
========================================================================
Received Import Request.
  Time since last request: 111.248906 seconds.
  path: Assets/ScifiOfficeLite/Prefabs/Tech Accessories
  artifactKey: Guid(471d7a51e48b6f444809f36497e0ba67) Importer(815301076,1909f56bfc062723c751e8b465ee728b)
Start importing Assets/ScifiOfficeLite/Prefabs/Tech Accessories using Guid(471d7a51e48b6f444809f36497e0ba67) Importer(815301076,1909f56bfc062723c751e8b465ee728b)  -> (artifact id: 'c821a95cdab4d03a4937118feab0c7cd') in 0.001284 seconds
Number of updated asset objects reloaded before import = 0
Number of asset objects unloaded after import = 0
========================================================================
Received Import Request.
  Time since last request: 1.458704 seconds.
  path: Assets/ScifiOfficeLite/Prefabs/Tech Accessories/Mechanical arm 1.prefab
  artifactKey: Guid(a900f1c22e5d88743b2dcfab96b6a24c) Importer(815301076,1909f56bfc062723c751e8b465ee728b)
Start importing Assets/ScifiOfficeLite/Prefabs/Tech Accessories/Mechanical arm 1.prefab using Guid(a900f1c22e5d88743b2dcfab96b6a24c) Importer(815301076,1909f56bfc062723c751e8b465ee728b)  -> (artifact id: '6c88a3d43a658e499eaf72aaa5498839') in 0.047634 seconds
Number of updated asset objects reloaded before import = 0
Number of asset objects unloaded after import = 130
========================================================================
Received Import Request.
  Time since last request: 8.443235 seconds.
  path: Assets/ScifiOfficeLite/Prefabs/Drawers
  artifactKey: Guid(87cbe5d7953095e42bfee2a1411c100f) Importer(815301076,1909f56bfc062723c751e8b465ee728b)
Start importing Assets/ScifiOfficeLite/Prefabs/Drawers using Guid(87cbe5d7953095e42bfee2a1411c100f) Importer(815301076,1909f56bfc062723c751e8b465ee728b)  -> (artifact id: 'af95c6b11d29bc95c3003eefb69d680a') in 0.000738 seconds
Number of updated asset objects reloaded before import = 0
Number of asset objects unloaded after import = 0
========================================================================
Received Import Request.
  Time since last request: 1.575594 seconds.
  path: Assets/ScifiOfficeLite/Prefabs/Drawers/Drawer 2.prefab
  artifactKey: Guid(c492efe3e037d4447923edc38633bd5b) Importer(815301076,1909f56bfc062723c751e8b465ee728b)
Start importing Assets/ScifiOfficeLite/Prefabs/Drawers/Drawer 2.prefab using Guid(c492efe3e037d4447923edc38633bd5b) Importer(815301076,1909f56bfc062723c751e8b465ee728b)  -> (artifact id: '05c0aca4feccb18d796a38e7bc0139e3') in 0.066946 seconds
Number of updated asset objects reloaded before import = 0
Number of asset objects unloaded after import = 44
========================================================================
Received Import Request.
  Time since last request: 14.131467 seconds.
  path: Assets/ScifiOfficeLite/Prefabs/Drawers/Vase.prefab
  artifactKey: Guid(2fec7c553d7825f4d8ed5bfae78a437c) Importer(815301076,1909f56bfc062723c751e8b465ee728b)
Start importing Assets/ScifiOfficeLite/Prefabs/Drawers/Vase.prefab using Guid(2fec7c553d7825f4d8ed5bfae78a437c) Importer(815301076,1909f56bfc062723c751e8b465ee728b)  -> (artifact id: '68de11eb33585d7fef33642d24b5e6f3') in 0.251497 seconds
Number of updated asset objects reloaded before import = 0
Number of asset objects unloaded after import = 13
========================================================================
Received Import Request.
  Time since last request: 33.095446 seconds.
  path: Assets/ScifiOfficeLite/Prefabs/Tables/Dark Oak
  artifactKey: Guid(b7034971824332b4bae08bd05ab7345d) Importer(815301076,1909f56bfc062723c751e8b465ee728b)
Start importing Assets/ScifiOfficeLite/Prefabs/Tables/Dark Oak using Guid(b7034971824332b4bae08bd05ab7345d) Importer(815301076,1909f56bfc062723c751e8b465ee728b)  -> (artifact id: 'da3726ab42568e736d5e374ac290640c') in 0.001123 seconds
Number of updated asset objects reloaded before import = 0
Number of asset objects unloaded after import = 0
========================================================================
Received Import Request.
  Time since last request: 2.337753 seconds.
  path: Assets/ScifiOfficeLite/Prefabs/Tables/Dark Oak/Drawer Table Long Dark Oak.prefab
  artifactKey: Guid(d9ed09438f7ef114dbd1922e839b6837) Importer(815301076,1909f56bfc062723c751e8b465ee728b)
Start importing Assets/ScifiOfficeLite/Prefabs/Tables/Dark Oak/Drawer Table Long Dark Oak.prefab using Guid(d9ed09438f7ef114dbd1922e839b6837) Importer(815301076,1909f56bfc062723c751e8b465ee728b)  -> (artifact id: '251d707dc17a88ee1517595aec0107b4') in 0.054456 seconds
Number of updated asset objects reloaded before import = 0
Number of asset objects unloaded after import = 55
========================================================================
Received Import Request.
  Time since last request: 1.304340 seconds.
  path: Assets/ScifiOfficeLite/Prefabs/Tables/Dark Oak/Table Dark Oak.prefab
  artifactKey: Guid(10f9753d65559ea4cbd0c4930521130e) Importer(815301076,1909f56bfc062723c751e8b465ee728b)
Start importing Assets/ScifiOfficeLite/Prefabs/Tables/Dark Oak/Table Dark Oak.prefab using Guid(10f9753d65559ea4cbd0c4930521130e) Importer(815301076,1909f56bfc062723c751e8b465ee728b)  -> (artifact id: '9fc200ee9e9bcbc5ce2e1c78593fe02f') in 0.033780 seconds
Number of updated asset objects reloaded before import = 0
Number of asset objects unloaded after import = 18
========================================================================
Received Import Request.
  Time since last request: 148.915866 seconds.
  path: Assets/ScifiOfficeLite/Prefabs/Shelf with Crates.prefab
  artifactKey: Guid(f355da60777d10946920a8b633e6b316) Importer(815301076,1909f56bfc062723c751e8b465ee728b)
Start importing Assets/ScifiOfficeLite/Prefabs/Shelf with Crates.prefab using Guid(f355da60777d10946920a8b633e6b316) Importer(815301076,1909f56bfc062723c751e8b465ee728b)  -> (artifact id: '192ace789254c369ab1a7cb22ff02744') in 0.041945 seconds
Number of updated asset objects reloaded before import = 0
Number of asset objects unloaded after import = 56
========================================================================
Received Import Request.
  Time since last request: 8.417395 seconds.
  path: Assets/ScifiOfficeLite/Prefabs/Shelf without Crates.prefab
  artifactKey: Guid(07ed13550a76cd2429958ba8f43d7c0e) Importer(815301076,1909f56bfc062723c751e8b465ee728b)
Start importing Assets/ScifiOfficeLite/Prefabs/Shelf without Crates.prefab using Guid(07ed13550a76cd2429958ba8f43d7c0e) Importer(815301076,1909f56bfc062723c751e8b465ee728b)  -> (artifact id: '829f405dff410a4759a644c3f1c1b9aa') in 0.019446 seconds
Number of updated asset objects reloaded before import = 0
Number of asset objects unloaded after import = 13
========================================================================
Received Import Request.
  Time since last request: 10.195259 seconds.
  path: Assets/ScifiOfficeLite/Prefabs/Tray.prefab
  artifactKey: Guid(64c1ca436cc9f024b948da169e23de04) Importer(815301076,1909f56bfc062723c751e8b465ee728b)
Start importing Assets/ScifiOfficeLite/Prefabs/Tray.prefab using Guid(64c1ca436cc9f024b948da169e23de04) Importer(815301076,1909f56bfc062723c751e8b465ee728b)  -> (artifact id: 'e802818867ed8fd42275add442cd4fee') in 0.022515 seconds
Number of updated asset objects reloaded before import = 0
Number of asset objects unloaded after import = 13
========================================================================
Received Import Request.
  Time since last request: 190.974055 seconds.
  path: Assets/ScifiOfficeLite/Prefabs/TVs
  artifactKey: Guid(980198049a5d1ff45b95b1643908cef3) Importer(815301076,1909f56bfc062723c751e8b465ee728b)
Start importing Assets/ScifiOfficeLite/Prefabs/TVs using Guid(980198049a5d1ff45b95b1643908cef3) Importer(815301076,1909f56bfc062723c751e8b465ee728b)  -> (artifact id: '519ea79dad7ea6c140f7f06fe23368c0') in 0.000763 seconds
Number of updated asset objects reloaded before import = 0
Number of asset objects unloaded after import = 0
========================================================================
Received Import Request.
  Time since last request: 5.795737 seconds.
  path: Assets/ScifiOfficeLite/Prefabs/Wall/Wall 2.prefab
  artifactKey: Guid(2dc302b266fb645468046b3be6f8d332) Importer(815301076,1909f56bfc062723c751e8b465ee728b)
Start importing Assets/ScifiOfficeLite/Prefabs/Wall/Wall 2.prefab using Guid(2dc302b266fb645468046b3be6f8d332) Importer(815301076,1909f56bfc062723c751e8b465ee728b)  -> (artifact id: 'c0aaa058f0331f3814bde13e3ecc28fc') in 0.251596 seconds
Number of updated asset objects reloaded before import = 0
Number of asset objects unloaded after import = 12
========================================================================
Received Import Request.
  Time since last request: 0.986447 seconds.
  path: Assets/ScifiOfficeLite/Prefabs/Wall/Door Wall Opaque.prefab
  artifactKey: Guid(e73c1c658aeddd042bc049a907126289) Importer(815301076,1909f56bfc062723c751e8b465ee728b)
Start importing Assets/ScifiOfficeLite/Prefabs/Wall/Door Wall Opaque.prefab using Guid(e73c1c658aeddd042bc049a907126289) Importer(815301076,1909f56bfc062723c751e8b465ee728b)  -> (artifact id: '9fc3f55ca18b470eead4a166391dec34') in 0.064257 seconds
Number of updated asset objects reloaded before import = 0
Number of asset objects unloaded after import = 41
========================================================================
Received Import Request.
  Time since last request: 4.719219 seconds.
  path: Assets/ScifiOfficeLite/Prefabs/Wall/Wall 2 Half.prefab
  artifactKey: Guid(dea43198b8686a948bb3630fc5fe44d6) Importer(815301076,1909f56bfc062723c751e8b465ee728b)
Start importing Assets/ScifiOfficeLite/Prefabs/Wall/Wall 2 Half.prefab using Guid(dea43198b8686a948bb3630fc5fe44d6) Importer(815301076,1909f56bfc062723c751e8b465ee728b)  -> (artifact id: 'bf5745ed560ead1e99f296ae485ae860') in 0.058644 seconds
Number of updated asset objects reloaded before import = 0
Number of asset objects unloaded after import = 12
========================================================================
Received Import Request.
  Time since last request: 3.666228 seconds.
  path: Assets/ScifiOfficeLite/Prefabs/Wall/Wall 2 Half Variant.prefab
  artifactKey: Guid(0e026c030e3c02240a8bf69002a807b2) Importer(815301076,1909f56bfc062723c751e8b465ee728b)
Start importing Assets/ScifiOfficeLite/Prefabs/Wall/Wall 2 Half Variant.prefab using Guid(0e026c030e3c02240a8bf69002a807b2) Importer(815301076,1909f56bfc062723c751e8b465ee728b)  -> (artifact id: '63825318c204114260e3c1b3b1ab2b80') in 0.055137 seconds
Number of updated asset objects reloaded before import = 0
Number of asset objects unloaded after import = 33
========================================================================
Received Import Request.
  Time since last request: 0.829787 seconds.
  path: Assets/ScifiOfficeLite/Prefabs/Wall/Wall 2 Variant.prefab
  artifactKey: Guid(0e2e9d86e44cdba4b9e3bb8c0355c34a) Importer(815301076,1909f56bfc062723c751e8b465ee728b)
Start importing Assets/ScifiOfficeLite/Prefabs/Wall/Wall 2 Variant.prefab using Guid(0e2e9d86e44cdba4b9e3bb8c0355c34a) Importer(815301076,1909f56bfc062723c751e8b465ee728b)  -> (artifact id: '5597f24839c77375bc40903510c93242') in 0.062009 seconds
Number of updated asset objects reloaded before import = 0
Number of asset objects unloaded after import = 33
========================================================================
Received Import Request.
  Time since last request: 1.511439 seconds.
  path: Assets/ScifiOfficeLite/Prefabs/Wall/Wall Pillar.prefab
  artifactKey: Guid(964d019e82327ae41878ec0410f5d5e0) Importer(815301076,1909f56bfc062723c751e8b465ee728b)
Start importing Assets/ScifiOfficeLite/Prefabs/Wall/Wall Pillar.prefab using Guid(964d019e82327ae41878ec0410f5d5e0) Importer(815301076,1909f56bfc062723c751e8b465ee728b)  -> (artifact id: 'f17f048257383e9f7d566690d749a011') in 0.052316 seconds
Number of updated asset objects reloaded before import = 0
Number of asset objects unloaded after import = 12
========================================================================
Received Import Request.
  Time since last request: 3.689891 seconds.
  path: Assets/ScifiOfficeLite/Prefabs/Wall/Wall Pillar 3.prefab
  artifactKey: Guid(ffd39571c14682942b10081c3295091c) Importer(815301076,1909f56bfc062723c751e8b465ee728b)
Start importing Assets/ScifiOfficeLite/Prefabs/Wall/Wall Pillar 3.prefab using Guid(ffd39571c14682942b10081c3295091c) Importer(815301076,1909f56bfc062723c751e8b465ee728b)  -> (artifact id: '93ad4d33d0ce6249b2173a6b8d128b82') in 0.060130 seconds
Number of updated asset objects reloaded before import = 0
Number of asset objects unloaded after import = 13
========================================================================
Received Import Request.
  Time since last request: 10.815473 seconds.
  path: Assets/ScifiOfficeLite/Prefabs/Wall/Wall Top Piece.prefab
  artifactKey: Guid(8f5eff0dc5bed3f4ab0d6b39678e66d5) Importer(815301076,1909f56bfc062723c751e8b465ee728b)
Start importing Assets/ScifiOfficeLite/Prefabs/Wall/Wall Top Piece.prefab using Guid(8f5eff0dc5bed3f4ab0d6b39678e66d5) Importer(815301076,1909f56bfc062723c751e8b465ee728b)  -> (artifact id: '15f04ea819722539b1f71c77be1a093f') in 0.054517 seconds
Number of updated asset objects reloaded before import = 0
Number of asset objects unloaded after import = 12
========================================================================
Received Import Request.
  Time since last request: 3.248046 seconds.
  path: Assets/ScifiOfficeLite/Prefabs/Wall/Wall Window Set 10.prefab
  artifactKey: Guid(4ab19bfbeb9048a45a44b9ce3847f750) Importer(815301076,1909f56bfc062723c751e8b465ee728b)
Start importing Assets/ScifiOfficeLite/Prefabs/Wall/Wall Window Set 10.prefab using Guid(4ab19bfbeb9048a45a44b9ce3847f750) Importer(815301076,1909f56bfc062723c751e8b465ee728b)  -> (artifact id: '0f35a30589c273c30af03beb907a6e02') in 0.352887 seconds
Number of updated asset objects reloaded before import = 0
Number of asset objects unloaded after import = 37
========================================================================
Received Import Request.
  Time since last request: 15.871918 seconds.
  path: Assets/ScifiOfficeLite/Prefabs/Wall/Wall Top Piece Half.prefab
  artifactKey: Guid(0429fb44681fb8f4d94ebb763bfad5ff) Importer(815301076,1909f56bfc062723c751e8b465ee728b)
Start importing Assets/ScifiOfficeLite/Prefabs/Wall/Wall Top Piece Half.prefab using Guid(0429fb44681fb8f4d94ebb763bfad5ff) Importer(815301076,1909f56bfc062723c751e8b465ee728b)  -> (artifact id: 'cd4b2d72f1ff257b680bde2c8236d02e') in 0.064100 seconds
Number of updated asset objects reloaded before import = 0
Number of asset objects unloaded after import = 12
========================================================================
Received Import Request.
  Time since last request: 449.065056 seconds.
  path: Assets/ScifiOfficeLite/Prefabs/Lighting
  artifactKey: Guid(b876242c9588755499b2edb9d2ff2381) Importer(815301076,1909f56bfc062723c751e8b465ee728b)
Start importing Assets/ScifiOfficeLite/Prefabs/Lighting using Guid(b876242c9588755499b2edb9d2ff2381) Importer(815301076,1909f56bfc062723c751e8b465ee728b)  -> (artifact id: '26dd033fba17266888b703f7cfc18dce') in 0.001435 seconds
Number of updated asset objects reloaded before import = 0
Number of asset objects unloaded after import = 0
========================================================================
Received Import Request.
  Time since last request: 1.576710 seconds.
  path: Assets/ScifiOfficeLite/Prefabs/Drawers/Drawer 2 Oak Variant.prefab
  artifactKey: Guid(a07dffe36c92aec44a95c900438af993) Importer(815301076,1909f56bfc062723c751e8b465ee728b)
Start importing Assets/ScifiOfficeLite/Prefabs/Drawers/Drawer 2 Oak Variant.prefab using Guid(a07dffe36c92aec44a95c900438af993) Importer(815301076,1909f56bfc062723c751e8b465ee728b)  -> (artifact id: '577b117bf055bc90ea80cd11a31611b5') in 0.079991 seconds
Number of updated asset objects reloaded before import = 0
Number of asset objects unloaded after import = 79
========================================================================
Received Import Request.
  Time since last request: 38.298490 seconds.
  path: Assets/ScifiOfficeLite/Prefabs/Chairs and Stools
  artifactKey: Guid(59e77c7ff6c7c9e47ae54363176204bf) Importer(815301076,1909f56bfc062723c751e8b465ee728b)
Start importing Assets/ScifiOfficeLite/Prefabs/Chairs and Stools using Guid(59e77c7ff6c7c9e47ae54363176204bf) Importer(815301076,1909f56bfc062723c751e8b465ee728b)  -> (artifact id: 'c1600062526288573ab1bdda4e7e486a') in 0.001174 seconds
Number of updated asset objects reloaded before import = 0
Number of asset objects unloaded after import = 0
========================================================================
Received Import Request.
  Time since last request: 1.289340 seconds.
  path: Assets/ScifiOfficeLite/Prefabs/Chairs and Stools/Office Chair.prefab
  artifactKey: Guid(dc35c61ecac9f3e4ea7e96c2ce7f1218) Importer(815301076,1909f56bfc062723c751e8b465ee728b)
Start importing Assets/ScifiOfficeLite/Prefabs/Chairs and Stools/Office Chair.prefab using Guid(dc35c61ecac9f3e4ea7e96c2ce7f1218) Importer(815301076,1909f56bfc062723c751e8b465ee728b)  -> (artifact id: '174ebbb8e34aa9e2acdd842d185baefa') in 0.181620 seconds
Number of updated asset objects reloaded before import = 0
Number of asset objects unloaded after import = 13
========================================================================
Received Import Request.
  Time since last request: 3.342618 seconds.
  path: Assets/ScifiOfficeLite/Prefabs/Chairs and Stools/Office Chair Variant.prefab
  artifactKey: Guid(e302621f2616c4042b0c4be3f63ea422) Importer(815301076,1909f56bfc062723c751e8b465ee728b)
Start importing Assets/ScifiOfficeLite/Prefabs/Chairs and Stools/Office Chair Variant.prefab using Guid(e302621f2616c4042b0c4be3f63ea422) Importer(815301076,1909f56bfc062723c751e8b465ee728b)  -> (artifact id: 'f6f88fb63c081c86bb5df9844c642f26') in 0.040703 seconds
Number of updated asset objects reloaded before import = 0
Number of asset objects unloaded after import = 26
========================================================================
Received Import Request.
  Time since last request: 14.960632 seconds.
  path: Assets/Models/3D
  artifactKey: Guid(5fb989e68ade8144bab36df45754b06d) Importer(815301076,1909f56bfc062723c751e8b465ee728b)
Start importing Assets/Models/3D using Guid(5fb989e68ade8144bab36df45754b06d) Importer(815301076,1909f56bfc062723c751e8b465ee728b)  -> (artifact id: '68c56f3e84777f4d65c4aa24c1dec730') in 0.002917 seconds
Number of updated asset objects reloaded before import = 0
Number of asset objects unloaded after import = 0
========================================================================
Received Import Request.
  Time since last request: 2.160337 seconds.
  path: Assets/Models/3D/Characters
  artifactKey: Guid(ae6ee25b2bea4bd4aae4a57cc0a9bfad) Importer(815301076,1909f56bfc062723c751e8b465ee728b)
Start importing Assets/Models/3D/Characters using Guid(ae6ee25b2bea4bd4aae4a57cc0a9bfad) Importer(815301076,1909f56bfc062723c751e8b465ee728b)  -> (artifact id: '7c233d446cf30a7b593e9a79e7a9f6ad') in 0.000615 seconds
Number of updated asset objects reloaded before import = 0
Number of asset objects unloaded after import = 0
========================================================================
Received Import Request.
  Time since last request: 1.303712 seconds.
  path: Assets/Models/3D/Props
  artifactKey: Guid(7492b8ff686711c4192b8c808955579f) Importer(815301076,1909f56bfc062723c751e8b465ee728b)
Start importing Assets/Models/3D/Props using Guid(7492b8ff686711c4192b8c808955579f) Importer(815301076,1909f56bfc062723c751e8b465ee728b)  -> (artifact id: 'a9ad302e4e0b6e79d1eef9e5e877b005') in 0.000597 seconds
Number of updated asset objects reloaded before import = 0
Number of asset objects unloaded after import = 0
========================================================================
Received Import Request.
  Time since last request: 375.472844 seconds.
  path: Assets/ScifiOfficeLite/Prefabs/Doors
  artifactKey: Guid(dc22d4dc82d9b1e4a9e40980fe64d365) Importer(815301076,1909f56bfc062723c751e8b465ee728b)
Start importing Assets/ScifiOfficeLite/Prefabs/Doors using Guid(dc22d4dc82d9b1e4a9e40980fe64d365) Importer(815301076,1909f56bfc062723c751e8b465ee728b)  -> (artifact id: '2fdfe8fd648d07d33394220d1b3fd89f') in 0.000728 seconds
Number of updated asset objects reloaded before import = 0
Number of asset objects unloaded after import = 0
========================================================================
Received Import Request.
  Time since last request: 317.975730 seconds.
  path: Assets/RoyalCod/SimpleCharacters
  artifactKey: Guid(718d9de1e58d0e34b8116e03f8bada4e) Importer(815301076,1909f56bfc062723c751e8b465ee728b)
Start importing Assets/RoyalCod/SimpleCharacters using Guid(718d9de1e58d0e34b8116e03f8bada4e) Importer(815301076,1909f56bfc062723c751e8b465ee728b)  -> (artifact id: '7f2982cd2748c6c11a3ca10e53efc702') in 0.002606 seconds
Number of updated asset objects reloaded before import = 0
Number of asset objects unloaded after import = 0
========================================================================
Received Import Request.
  Time since last request: 2.437242 seconds.
  path: Assets/RoyalCod/SimpleCharacters/Models
  artifactKey: Guid(9b245a69d49b4ba4f8016fd7da751f50) Importer(815301076,1909f56bfc062723c751e8b465ee728b)
Start importing Assets/RoyalCod/SimpleCharacters/Models using Guid(9b245a69d49b4ba4f8016fd7da751f50) Importer(815301076,1909f56bfc062723c751e8b465ee728b)  -> (artifact id: '936b6cfcc1b4298d75604ab41649585b') in 0.001008 seconds
Number of updated asset objects reloaded before import = 0
Number of asset objects unloaded after import = 0
========================================================================
Received Import Request.
  Time since last request: 2.511013 seconds.
  path: Assets/RoyalCod/SimpleCharacters/Prefabs
  artifactKey: Guid(cfcb1f066ee00b34b8e40737812eadb1) Importer(815301076,1909f56bfc062723c751e8b465ee728b)
Start importing Assets/RoyalCod/SimpleCharacters/Prefabs using Guid(cfcb1f066ee00b34b8e40737812eadb1) Importer(815301076,1909f56bfc062723c751e8b465ee728b)  -> (artifact id: '911acdd9a1518a575feff5c184e40a26') in 0.002163 seconds
Number of updated asset objects reloaded before import = 0
Number of asset objects unloaded after import = 0
========================================================================
Received Import Request.
  Time since last request: 18.479065 seconds.
  path: Assets/RoyalCod/SimpleCharacters/Prefabs/Characters
  artifactKey: Guid(b17019160a7a41240988170d1b099dcf) Importer(815301076,1909f56bfc062723c751e8b465ee728b)
Start importing Assets/RoyalCod/SimpleCharacters/Prefabs/Characters using Guid(b17019160a7a41240988170d1b099dcf) Importer(815301076,1909f56bfc062723c751e8b465ee728b)  -> (artifact id: '97084e50adb96f9b72f1398689f3d81a') in 0.001166 seconds
Number of updated asset objects reloaded before import = 0
Number of asset objects unloaded after import = 0
========================================================================
Received Import Request.
  Time since last request: 0.971973 seconds.
  path: Assets/RoyalCod/SimpleCharacters/Prefabs/Characters/Character_Female_1.prefab
  artifactKey: Guid(9d6c422b331360f478f55ea7828561a1) Importer(815301076,1909f56bfc062723c751e8b465ee728b)
Start importing Assets/RoyalCod/SimpleCharacters/Prefabs/Characters/Character_Female_1.prefab using Guid(9d6c422b331360f478f55ea7828561a1) Importer(815301076,1909f56bfc062723c751e8b465ee728b)  -> (artifact id: '9a56a753264975e0db5d93ce5813ab74') in 0.111811 seconds
Number of updated asset objects reloaded before import = 0
Number of asset objects unloaded after import = 114
========================================================================
Received Import Request.
  Time since last request: 1.168621 seconds.
  path: Assets/RoyalCod/SimpleCharacters/Prefabs/Characters/Character_Female_2.prefab
  artifactKey: Guid(9a0e848f4199dae46b8c371c6d792998) Importer(815301076,1909f56bfc062723c751e8b465ee728b)
Start importing Assets/RoyalCod/SimpleCharacters/Prefabs/Characters/Character_Female_2.prefab using Guid(9a0e848f4199dae46b8c371c6d792998) Importer(815301076,1909f56bfc062723c751e8b465ee728b)  -> (artifact id: '4895dde2f5baaae6ef9ae48b4832e4c3') in 0.024287 seconds
Number of updated asset objects reloaded before import = 0
Number of asset objects unloaded after import = 114
========================================================================
Received Import Request.
  Time since last request: 0.656699 seconds.
  path: Assets/RoyalCod/SimpleCharacters/Prefabs/Characters/Character_Female_Nun.prefab
  artifactKey: Guid(921de0f680b059b448b93a8c6d33b63e) Importer(815301076,1909f56bfc062723c751e8b465ee728b)
Start importing Assets/RoyalCod/SimpleCharacters/Prefabs/Characters/Character_Female_Nun.prefab using Guid(921de0f680b059b448b93a8c6d33b63e) Importer(815301076,1909f56bfc062723c751e8b465ee728b)  -> (artifact id: '5e4d4e8568a2edaadbd250cc014d1d56') in 0.026656 seconds
Number of updated asset objects reloaded before import = 0
Number of asset objects unloaded after import = 114
========================================================================
Received Import Request.
  Time since last request: 0.349382 seconds.
  path: Assets/RoyalCod/SimpleCharacters/Prefabs/Characters/Character_Male_1.prefab
  artifactKey: Guid(b404be61a97237740821ffb3f801eb68) Importer(815301076,1909f56bfc062723c751e8b465ee728b)
Start importing Assets/RoyalCod/SimpleCharacters/Prefabs/Characters/Character_Male_1.prefab using Guid(b404be61a97237740821ffb3f801eb68) Importer(815301076,1909f56bfc062723c751e8b465ee728b)  -> (artifact id: 'f2d5f9bc7ff41d962a34a2dcc79d82bb') in 0.026284 seconds
Number of updated asset objects reloaded before import = 0
Number of asset objects unloaded after import = 103
========================================================================
Received Import Request.
  Time since last request: 0.429821 seconds.
  path: Assets/RoyalCod/SimpleCharacters/Prefabs/Characters/Character_Male_2.prefab
  artifactKey: Guid(b378ca729e9cce4408beb44639b2bc58) Importer(815301076,1909f56bfc062723c751e8b465ee728b)
Start importing Assets/RoyalCod/SimpleCharacters/Prefabs/Characters/Character_Male_2.prefab using Guid(b378ca729e9cce4408beb44639b2bc58) Importer(815301076,1909f56bfc062723c751e8b465ee728b)  -> (artifact id: 'abf80091e653efe446185426325ffe56') in 0.019267 seconds
Number of updated asset objects reloaded before import = 0
Number of asset objects unloaded after import = 92
========================================================================
Received Import Request.
  Time since last request: 0.462595 seconds.
  path: Assets/RoyalCod/SimpleCharacters/Prefabs/Characters/Character_Male_3.prefab
  artifactKey: Guid(592469d1f1c85824cb0586b51d080b18) Importer(815301076,1909f56bfc062723c751e8b465ee728b)
Start importing Assets/RoyalCod/SimpleCharacters/Prefabs/Characters/Character_Male_3.prefab using Guid(592469d1f1c85824cb0586b51d080b18) Importer(815301076,1909f56bfc062723c751e8b465ee728b)  -> (artifact id: 'a7dac4bc953779547c1b188081c1024a') in 0.023256 seconds
Number of updated asset objects reloaded before import = 0
Number of asset objects unloaded after import = 103
========================================================================
Received Import Request.
  Time since last request: 13.623679 seconds.
  path: Assets/ScifiOfficeLite/Prefabs/Chairs and Stools/Stool.prefab
  artifactKey: Guid(30971ea7d19a057458bf89e85d9d1f6c) Importer(815301076,1909f56bfc062723c751e8b465ee728b)
Start importing Assets/ScifiOfficeLite/Prefabs/Chairs and Stools/Stool.prefab using Guid(30971ea7d19a057458bf89e85d9d1f6c) Importer(815301076,1909f56bfc062723c751e8b465ee728b)  -> (artifact id: '7e2164681d3354a413d4547e7b9917d2') in 0.043880 seconds
Number of updated asset objects reloaded before import = 0
Number of asset objects unloaded after import = 13
